<?xml version="1.0" encoding="UTF-8"?>
<testng-results skipped="0" failed="0" total="1" passed="1">
  <reporter-output>
  </reporter-output>
  <suite name="Ebay Automation Script" duration-ms="15966" started-at="2019-01-05T16:09:32Z" finished-at="2019-01-05T16:09:48Z">
    <groups>
    </groups>
    <test name="Ebay home" duration-ms="15966" started-at="2019-01-05T16:09:32Z" finished-at="2019-01-05T16:09:48Z">
      <class name="TestHome">
        <test-method status="PASS" signature="setup(java.lang.String)[pri:0, instance:TestHome@6cd8737]" name="setup" is-config="true" duration-ms="6634" started-at="2019-01-05T11:09:32Z" finished-at="2019-01-05T11:09:38Z">
          <params>
            <param index="0">
              <value>
                <![CDATA[https://www.ebay.com/]]>
              </value>
            </param>
          </params>
          <reporter-output>
          </reporter-output>
        </test-method> <!-- setup -->
        <test-method status="PASS" signature="test1()[pri:0, instance:TestHome@6cd8737]" name="test1" duration-ms="9189" started-at="2019-01-05T11:09:38Z" finished-at="2019-01-05T11:09:48Z">
          <reporter-output>
          </reporter-output>
        </test-method> <!-- test1 -->
        <test-method status="PASS" signature="cleanUp()[pri:0, instance:TestHome@6cd8737]" name="cleanUp" is-config="true" duration-ms="134" started-at="2019-01-05T11:09:48Z" finished-at="2019-01-05T11:09:48Z">
          <reporter-output>
          </reporter-output>
        </test-method> <!-- cleanUp -->
      </class> <!-- TestHome -->
    </test> <!-- Ebay home -->
  </suite> <!-- Ebay Automation Script -->
</testng-results>
