<?xml version="1.0" encoding="UTF-8"?>
<!-- Generated by org.testng.reporters.JUnitXMLReporter -->
<testsuite hostname="Mohammeds-MBP-2.home" tests="1" failures="0" timestamp="4 Jan 2019 22:34:56 GMT" time="0.014" errors="0">
  <testcase name="@BeforeMethod setup" time="0.0" classname="TestHomeAM">
    <failure type="org.testng.TestNGException" message="
Parameter &amp;apos;url&amp;apos; is required by @Configuration on method setup but has not been marked @Optional or defined
">
      <![CDATA[org.testng.TestNGException: 
Parameter 'url' is required by @Configuration on method setup but has not been marked @Optional or defined

... Removed 32 stack frames]]>
    </failure>
  </testcase> <!-- @BeforeMethod setup -->
  <testcase name="@AfterMethod cleanUp" time="0.0" classname="TestHomeAM">
    <skipped/>
  </testcase> <!-- @AfterMethod cleanUp -->
  <testcase name="test1" time="0.003" classname="TestHomeAM">
    <skipped/>
  </testcase> <!-- test1 -->
</testsuite>
